<?xml version="1.0" encoding="UTF-8"?>
<testng-results skipped="0" failed="0" ignored="0" total="1" passed="1">
  <reporter-output>
  </reporter-output>
  <suite name="Default suite" duration-ms="7547" started-at="2020-08-27T11:33:28 EDT" finished-at="2020-08-27T11:33:35 EDT">
    <groups>
    </groups>
    <test name="Default test" duration-ms="7547" started-at="2020-08-27T11:33:28 EDT" finished-at="2020-08-27T11:33:35 EDT">
      <class name="bdd.APIFramework.LibraryHashMap">
        <test-method status="PASS" signature="addBook()[pri:0, instance:bdd.APIFramework.LibraryHashMap@131276c2]" name="addBook" duration-ms="7476" started-at="2020-08-27T11:33:28 EDT" finished-at="2020-08-27T11:33:35 EDT">
          <reporter-output>
          </reporter-output>
        </test-method> <!-- addBook -->
      </class> <!-- bdd.APIFramework.LibraryHashMap -->
    </test> <!-- Default test -->
  </suite> <!-- Default suite -->
</testng-results>
